C:\Users\fzheng\Dropbox\ENGG5104\stitch_p2-2\project2\.\Release\project2.exe
C:\Users\fzheng\Dropbox\ENGG5104\stitch_p2-2\project2\.\Release\project2.exe.intermediate.manifest
C:\USERS\FZHENG\DROPBOX\ENGG5104\STITCH_P2-2\PROJECT2\RELEASE\BLENDIMAGES.OBJ
C:\Users\fzheng\Dropbox\ENGG5104\stitch_p2-2\project2\Release\cl.command.1.tlog
C:\Users\fzheng\Dropbox\ENGG5104\stitch_p2-2\project2\Release\CL.read.1.tlog
C:\Users\fzheng\Dropbox\ENGG5104\stitch_p2-2\project2\Release\CL.write.1.tlog
C:\USERS\FZHENG\DROPBOX\ENGG5104\STITCH_P2-2\PROJECT2\RELEASE\FEATUREALIGN.OBJ
C:\USERS\FZHENG\DROPBOX\ENGG5104\STITCH_P2-2\PROJECT2\RELEASE\FEATURESET.OBJ
C:\USERS\FZHENG\DROPBOX\ENGG5104\STITCH_P2-2\PROJECT2\RELEASE\GLOBALALIGN.OBJ
C:\USERS\FZHENG\DROPBOX\ENGG5104\STITCH_P2-2\PROJECT2\RELEASE\JACOB.OBJ
C:\Users\fzheng\Dropbox\ENGG5104\stitch_p2-2\project2\Release\link.command.1.tlog
C:\Users\fzheng\Dropbox\ENGG5104\stitch_p2-2\project2\Release\link.read.1.tlog
C:\Users\fzheng\Dropbox\ENGG5104\stitch_p2-2\project2\Release\link.write.1.tlog
C:\Users\fzheng\Dropbox\ENGG5104\stitch_p2-2\project2\Release\mt.command.1.tlog
C:\Users\fzheng\Dropbox\ENGG5104\stitch_p2-2\project2\Release\mt.read.1.tlog
C:\Users\fzheng\Dropbox\ENGG5104\stitch_p2-2\project2\Release\mt.write.1.tlog
C:\USERS\FZHENG\DROPBOX\ENGG5104\STITCH_P2-2\PROJECT2\RELEASE\P3MATH.OBJ
C:\USERS\FZHENG\DROPBOX\ENGG5104\STITCH_P2-2\PROJECT2\RELEASE\PROJECT2.EXE
C:\USERS\FZHENG\DROPBOX\ENGG5104\STITCH_P2-2\PROJECT2\RELEASE\PROJECT2.EXE.INTERMEDIATE.MANIFEST
C:\USERS\FZHENG\DROPBOX\ENGG5104\STITCH_P2-2\PROJECT2\RELEASE\PROJECT2.OBJ
C:\Users\fzheng\Dropbox\ENGG5104\stitch_p2-2\project2\Release\project2.vcxprojResolveAssemblyReference.cache
C:\Users\fzheng\Dropbox\ENGG5104\stitch_p2-2\project2\Release\project2.write.1.tlog
C:\USERS\FZHENG\DROPBOX\ENGG5104\STITCH_P2-2\PROJECT2\RELEASE\VC100.PDB
C:\USERS\FZHENG\DROPBOX\ENGG5104\STITCH_P2-2\PROJECT2\RELEASE\WARPSPHERICAL.OBJ
